<?xml version="1.0" encoding="UTF-8"?>
<!-- Generated by org.testng.reporters.JUnitReportReporter -->
<testsuite hostname="user1" failures="0" tests="1" name="testScripts.DisplayTest" time="9.577" errors="0" timestamp="2025-04-01T17:14:54 IST" skipped="0">
  <testcase classname="testScripts.DisplayTest" name="automationBookStore" time="9.577"/>
</testsuite> <!-- testScripts.DisplayTest -->
