<?xml version="1.0" encoding="UTF-8"?>
<!-- Generated by org.testng.reporters.JUnitReportReporter -->
<testsuite hostname="user1" failures="0" tests="2" name="testScripts.CPDTest" time="8.920" errors="0" timestamp="2025-04-04T17:36:28 IST" skipped="0">
  <testcase classname="testScripts.CPDTest" name="geoLocationTest" time="6.987"/>
  <testcase classname="testScripts.CPDTest" name="deviceModeTest" time="1.933"/>
</testsuite> <!-- testScripts.CPDTest -->
