<?xml version="1.0" encoding="UTF-8"?>
<!-- Generated by org.testng.reporters.JUnitReportReporter -->
<testsuite hostname="user1" failures="0" tests="1" name="testScripts.AlertTest" time="5.532" errors="0" timestamp="2025-03-28T16:11:41 IST" skipped="0">
  <testcase classname="testScripts.AlertTest" name="variousAlerts" time="5.532"/>
</testsuite> <!-- testScripts.AlertTest -->
