<?xml version="1.0" encoding="UTF-8"?>
<!-- Generated by org.testng.reporters.JUnitReportReporter -->
<testsuite hostname="user1" failures="0" tests="1" name="testScripts.ToolTipTest" time="3.686" errors="0" timestamp="2025-03-28T18:02:39 IST" skipped="0">
  <testcase classname="testScripts.ToolTipTest" name="toolTip" time="3.686"/>
</testsuite> <!-- testScripts.ToolTipTest -->
