<?xml version="1.0" encoding="UTF-8"?>
<!-- Generated by org.testng.reporters.JUnitReportReporter -->
<testsuite hostname="user1" failures="0" tests="1" name="testScripts.DisplayTest" time="10.021" errors="0" timestamp="2025-03-27T15:06:42 IST" skipped="0">
  <testcase classname="testScripts.DisplayTest" name="automationBookStore" time="10.021"/>
</testsuite> <!-- testScripts.DisplayTest -->
