<?xml version="1.0" encoding="UTF-8"?>
<!-- Generated by org.testng.reporters.JUnitReportReporter -->
<testsuite hostname="user1" failures="0" tests="1" name="parallelScripts.SampleTwoTest" time="0.002" errors="0" timestamp="2025-04-03T14:58:34 IST" skipped="0">
  <testcase classname="parallelScripts.SampleTwoTest" name="testOne" time="0.002"/>
</testsuite> <!-- parallelScripts.SampleTwoTest -->
