<?xml version="1.0" encoding="UTF-8"?>
<!-- Generated by org.testng.reporters.JUnitReportReporter -->
<testsuite hostname="user1" failures="0" tests="1" name="testScripts.DynamicElementTest" time="11.349" errors="0" timestamp="2025-03-27T16:27:16 IST" skipped="0">
  <testcase classname="testScripts.DynamicElementTest" name="dynamicElement" time="11.349"/>
</testsuite> <!-- testScripts.DynamicElementTest -->
