<?xml version="1.0" encoding="UTF-8"?>
<!-- Generated by org.testng.reporters.JUnitReportReporter -->
<testsuite hostname="user1" failures="0" tests="1" name="GroupScripts.SampleThreeTest" time="0.003" errors="0" timestamp="2025-04-02T16:03:03 IST" skipped="0">
  <testcase classname="GroupScripts.SampleThreeTest" name="testTwo" time="0.003"/>
</testsuite> <!-- GroupScripts.SampleThreeTest -->
