<?xml version="1.0" encoding="UTF-8"?>
<!-- Generated by org.testng.reporters.JUnitReportReporter -->
<testsuite hostname="user1" failures="0" tests="1" name="testScripts.MouseActionsTest" time="10.501" errors="0" timestamp="2025-04-01T17:14:54 IST" skipped="0">
  <testcase classname="testScripts.MouseActionsTest" name="MouseActions" time="10.501"/>
</testsuite> <!-- testScripts.MouseActionsTest -->
