<?xml version="1.0" encoding="UTF-8"?>
<!-- Generated by org.testng.reporters.JUnitReportReporter -->
<testsuite hostname="user1" failures="0" tests="1" name="testScripts.MouseActionsTest" time="10.257" errors="0" timestamp="2025-03-28T14:05:30 IST" skipped="0">
  <testcase classname="testScripts.MouseActionsTest" name="MouseActions" time="10.257"/>
</testsuite> <!-- testScripts.MouseActionsTest -->
