<?xml version="1.0" encoding="UTF-8"?>
<!-- Generated by org.testng.reporters.JUnitReportReporter -->
<testsuite hostname="user1" failures="0" tests="1" name="testScripts.RelativeLocatorTest" time="4.258" errors="0" timestamp="2025-03-25T17:45:43 IST" skipped="0">
  <testcase classname="testScripts.RelativeLocatorTest" name="relativeLoc" time="4.258"/>
</testsuite> <!-- testScripts.RelativeLocatorTest -->
