<?xml version="1.0" encoding="UTF-8"?>
<!-- Generated by org.testng.reporters.JUnitReportReporter -->
<testsuite hostname="user1" failures="0" tests="1" name="GridTest.RemoteWebSampleTest" time="9.229" errors="0" timestamp="2025-04-07T16:16:15 IST" skipped="0">
  <testcase classname="GridTest.RemoteWebSampleTest" name="search" time="9.229"/>
</testsuite> <!-- GridTest.RemoteWebSampleTest -->
