<?xml version="1.0" encoding="UTF-8"?>
<!-- Generated by org.testng.reporters.JUnitReportReporter -->
<testsuite hostname="user1" failures="0" tests="1" name="testScripts.DownloadTest" time="9.117" errors="0" timestamp="2025-03-28T14:57:06 IST" skipped="0">
  <testcase classname="testScripts.DownloadTest" name="fileDownload" time="9.117"/>
</testsuite> <!-- testScripts.DownloadTest -->
