<?xml version="1.0" encoding="UTF-8"?>
<!-- Generated by org.testng.reporters.JUnitReportReporter -->
<testsuite hostname="user1" failures="0" tests="1" name="testScripts.WebTableTest" time="10.624" errors="0" timestamp="2025-04-01T17:14:54 IST" skipped="0">
  <testcase classname="testScripts.WebTableTest" name="practice" time="10.624"/>
</testsuite> <!-- testScripts.WebTableTest -->
