<?xml version="1.0" encoding="UTF-8"?>
<!-- Generated by org.testng.reporters.JUnitReportReporter -->
<testsuite hostname="user1" failures="0" tests="1" name="testScripts.DropDownTest" time="7.693" errors="0" timestamp="2025-03-27T16:52:56 IST" skipped="0">
  <testcase classname="testScripts.DropDownTest" name="selectValue" time="7.693"/>
</testsuite> <!-- testScripts.DropDownTest -->
