<?xml version="1.0" encoding="UTF-8"?>
<!-- Generated by org.testng.reporters.JUnitReportReporter -->
<testsuite hostname="user1" failures="0" tests="1" name="testScripts.WinPopupTest" time="22.593" errors="0" timestamp="2025-03-28T17:12:30 IST" skipped="0">
  <testcase classname="testScripts.WinPopupTest" name="winPop" time="22.593"/>
</testsuite> <!-- testScripts.WinPopupTest -->
